This is pdfTeX, Version 3.1415926-2.3-1.40.12 (MiKTeX 2.9) (preloaded format=pdflatex 2012.5.28)  21 SEP 2012 11:45
entering extended mode
**D:/magisterka/tekst/praca_magisterska.tex
(D:/magisterka/tekst/praca_magisterska.tex
LaTeX2e <2011/06/27>
Babel <v3.8m> and hyphenation patterns for english, afrikaans, ancientgreek, ar
abic, armenian, assamese, basque, bengali, bokmal, bulgarian, catalan, coptic, 
croatian, czech, danish, dutch, esperanto, estonian, farsi, finnish, french, ga
lician, german, german-x-2009-06-19, greek, gujarati, hindi, hungarian, iceland
ic, indonesian, interlingua, irish, italian, kannada, kurmanji, lao, latin, lat
vian, lithuanian, malayalam, marathi, mongolian, mongolianlmc, monogreek, ngerm
an, ngerman-x-2009-06-19, nynorsk, oriya, panjabi, pinyin, polish, portuguese, 
romanian, russian, sanskrit, serbian, slovak, slovenian, spanish, swedish, swis
sgerman, tamil, telugu, turkish, turkmen, ukenglish, ukrainian, uppersorbian, u
senglishmax, welsh, loaded.
(D:\magisterka\tekst\aghdpl.cls
*** [aghdpl.cls] --- (MSz, GJN) v0.22 <05.04.2011> ***
Document Class: aghdpl 
("C:\Program Files (x86)\MiKTeX 2.9\tex\latex\base\report.cls"
Document Class: report 2007/10/19 v1.4h Standard LaTeX document class
("C:\Program Files (x86)\MiKTeX 2.9\tex\latex\base\size11.clo"
File: size11.clo 2007/10/19 v1.4h Standard LaTeX file (size option)
)
\c@part=\count79
\c@chapter=\count80
\c@section=\count81
\c@subsection=\count82
\c@subsubsection=\count83
\c@paragraph=\count84
\c@subparagraph=\count85
\c@figure=\count86
\c@table=\count87
\abovecaptionskip=\skip41
\belowcaptionskip=\skip42
\bibindent=\dimen102
)
("C:\Program Files (x86)\MiKTeX 2.9\tex\latex\psnfss\times.sty"
Package: times 2005/04/12 PSNFSS-v9.2a (SPQR) 
)
("C:\Program Files (x86)\MiKTeX 2.9\tex\latex\base\fontenc.sty"
Package: fontenc 2005/09/27 v1.99g Standard LaTeX package

("C:\Program Files (x86)\MiKTeX 2.9\tex\latex\base\t1enc.def"
File: t1enc.def 2005/09/27 v1.99g Standard LaTeX file
LaTeX Font Info:    Redeclaring font encoding T1 on input line 43.
))
("C:\Program Files (x86)\MiKTeX 2.9\tex\latex\graphics\graphicx.sty"
Package: graphicx 1999/02/16 v1.0f Enhanced LaTeX Graphics (DPC,SPQR)

("C:\Program Files (x86)\MiKTeX 2.9\tex\latex\graphics\keyval.sty"
Package: keyval 1999/03/16 v1.13 key=value parser (DPC)
\KV@toks@=\toks14
)
("C:\Program Files (x86)\MiKTeX 2.9\tex\latex\graphics\graphics.sty"
Package: graphics 2009/02/05 v1.0o Standard LaTeX Graphics (DPC,SPQR)

("C:\Program Files (x86)\MiKTeX 2.9\tex\latex\graphics\trig.sty"
Package: trig 1999/03/16 v1.09 sin cos tan (DPC)
)
("C:\Program Files (x86)\MiKTeX 2.9\tex\latex\00miktex\graphics.cfg"
File: graphics.cfg 2007/01/18 v1.5 graphics configuration of teTeX/TeXLive
)
Package graphics Info: Driver file: pdftex.def on input line 91.

("C:\Program Files (x86)\MiKTeX 2.9\tex\latex\pdftex-def\pdftex.def"
File: pdftex.def 2011/05/27 v0.06d Graphics/color for pdfTeX

("C:\Program Files (x86)\MiKTeX 2.9\tex\generic\oberdiek\infwarerr.sty"
Package: infwarerr 2010/04/08 v1.3 Providing info/warning/error messages (HO)
)
("C:\Program Files (x86)\MiKTeX 2.9\tex\generic\oberdiek\ltxcmds.sty"
Package: ltxcmds 2011/11/09 v1.22 LaTeX kernel commands for general use (HO)
)
\Gread@gobject=\count88
))
\Gin@req@height=\dimen103
\Gin@req@width=\dimen104
)
("C:\Program Files (x86)\MiKTeX 2.9\tex\latex\geometry\geometry.sty"
Package: geometry 2010/09/12 v5.6 Page Geometry

("C:\Program Files (x86)\MiKTeX 2.9\tex\generic\oberdiek\ifpdf.sty"
Package: ifpdf 2011/01/30 v2.3 Provides the ifpdf switch (HO)
Package ifpdf Info: pdfTeX in PDF mode is detected.
)
("C:\Program Files (x86)\MiKTeX 2.9\tex\generic\oberdiek\ifvtex.sty"
Package: ifvtex 2010/03/01 v1.5 Detect VTeX and its facilities (HO)
Package ifvtex Info: VTeX not detected.
)
("C:\Program Files (x86)\MiKTeX 2.9\tex\generic\ifxetex\ifxetex.sty"
Package: ifxetex 2010/09/12 v0.6 Provides ifxetex conditional
)
\Gm@cnth=\count89
\Gm@cntv=\count90
\c@Gm@tempcnt=\count91
\Gm@bindingoffset=\dimen105
\Gm@wd@mp=\dimen106
\Gm@odd@mp=\dimen107
\Gm@even@mp=\dimen108
\Gm@layoutwidth=\dimen109
\Gm@layoutheight=\dimen110
\Gm@layouthoffset=\dimen111
\Gm@layoutvoffset=\dimen112
\Gm@dimlist=\toks15

("C:\Program Files (x86)\MiKTeX 2.9\tex\latex\geometry\geometry.cfg"))
("C:\Program Files (x86)\MiKTeX 2.9\tex\latex\graphics\color.sty"
Package: color 2005/11/14 v1.0j Standard LaTeX Color (DPC)

("C:\Program Files (x86)\MiKTeX 2.9\tex\latex\00miktex\color.cfg"
File: color.cfg 2007/01/18 v1.5 color configuration of teTeX/TeXLive
)
Package color Info: Driver file: pdftex.def on input line 130.
)
("C:\Program Files (x86)\MiKTeX 2.9\tex\latex\fancyhdr\fancyhdr.sty"
\fancy@headwidth=\skip43
\f@ncyO@elh=\skip44
\f@ncyO@erh=\skip45
\f@ncyO@olh=\skip46
\f@ncyO@orh=\skip47
\f@ncyO@elf=\skip48
\f@ncyO@erf=\skip49
\f@ncyO@olf=\skip50
\f@ncyO@orf=\skip51
)
("C:\Program Files (x86)\MiKTeX 2.9\tex\latex\ltxmisc\url.sty"
\Urlmuskip=\muskip10
Package: url 2006/04/12  ver 3.3  Verb mode for urls, etc.
)
("C:\Program Files (x86)\MiKTeX 2.9\tex\latex\titlesec\titlesec.sty"
Package: titlesec 2011/12/15 v2.10.0 Sectioning titles
\ttl@box=\box26
\beforetitleunit=\skip52
\aftertitleunit=\skip53
\ttl@plus=\dimen113
\ttl@minus=\dimen114
\ttl@toksa=\toks16
\titlewidth=\dimen115
\titlewidthlast=\dimen116
\titlewidthfirst=\dimen117
)
("C:\Program Files (x86)\MiKTeX 2.9\tex\latex\tocloft\tocloft.sty"
Package: tocloft 2010/10/13 v2.3e parameterised ToC, etc., typesetting
Package tocloft Info: The document has chapter divisions on input line 43.
\cftparskip=\skip54
\cftbeforetoctitleskip=\skip55
\cftaftertoctitleskip=\skip56
\cftbeforepartskip=\skip57
\cftpartnumwidth=\skip58
\cftpartindent=\skip59
\cftbeforechapskip=\skip60
\cftchapindent=\skip61
\cftchapnumwidth=\skip62
\cftbeforesecskip=\skip63
\cftsecindent=\skip64
\cftsecnumwidth=\skip65
\cftbeforesubsecskip=\skip66
\cftsubsecindent=\skip67
\cftsubsecnumwidth=\skip68
\cftbeforesubsubsecskip=\skip69
\cftsubsubsecindent=\skip70
\cftsubsubsecnumwidth=\skip71
\cftbeforeparaskip=\skip72
\cftparaindent=\skip73
\cftparanumwidth=\skip74
\cftbeforesubparaskip=\skip75
\cftsubparaindent=\skip76
\cftsubparanumwidth=\skip77
\cftbeforeloftitleskip=\skip78
\cftafterloftitleskip=\skip79
\cftbeforefigskip=\skip80
\cftfigindent=\skip81
\cftfignumwidth=\skip82
\c@lofdepth=\count92
\c@lotdepth=\count93
\cftbeforelottitleskip=\skip83
\cftafterlottitleskip=\skip84
\cftbeforetabskip=\skip85
\cfttabindent=\skip86
\cfttabnumwidth=\skip87
)
("C:\Program Files (x86)\MiKTeX 2.9\tex\latex\titlesec\block.tss"
File: block.tss 2011/12/15
))
("C:\Program Files (x86)\MiKTeX 2.9\tex\generic\babel\babel.sty"
Package: babel 2008/07/08 v3.8m The Babel package

*************************************
* Local config file bblopts.cfg used
*
("C:\Program Files (x86)\MiKTeX 2.9\tex\latex\00miktex\bblopts.cfg"
File: bblopts.cfg 2006/07/31 v1.0 MiKTeX 'babel' configuration
)
("C:\Program Files (x86)\MiKTeX 2.9\tex\generic\babel\polish.ldf"
Language: polish 2005/03/31 v1.2l Polish support from the babel system

("C:\Program Files (x86)\MiKTeX 2.9\tex\generic\babel\babel.def"
File: babel.def 2008/07/08 v3.8m Babel common definitions
\babel@savecnt=\count94
\U@D=\dimen118
)
Package babel Info: Making " an active character on input line 83.
\pl@left=\dimen119
\pl@down=\dimen120
\pl@right=\dimen121
\pl@temp=\dimen122
))
("C:\Program Files (x86)\MiKTeX 2.9\tex\latex\base\inputenc.sty"
Package: inputenc 2008/03/30 v1.1d Input encoding file
\inpenc@prehook=\toks17
\inpenc@posthook=\toks18

("C:\Program Files (x86)\MiKTeX 2.9\tex\latex\base\utf8.def"
File: utf8.def 2008/04/05 v1.1m UTF-8 support for inputenc
Now handling font encoding OML ...
... no UTF-8 mapping file for font encoding OML
Now handling font encoding T1 ...
... processing UTF-8 mapping file for font encoding T1

("C:\Program Files (x86)\MiKTeX 2.9\tex\latex\base\t1enc.dfu"
File: t1enc.dfu 2008/04/05 v1.1m UTF-8 support for inputenc
   defining Unicode char U+00A1 (decimal 161)
   defining Unicode char U+00A3 (decimal 163)
   defining Unicode char U+00AB (decimal 171)
   defining Unicode char U+00BB (decimal 187)
   defining Unicode char U+00BF (decimal 191)
   defining Unicode char U+00C0 (decimal 192)
   defining Unicode char U+00C1 (decimal 193)
   defining Unicode char U+00C2 (decimal 194)
   defining Unicode char U+00C3 (decimal 195)
   defining Unicode char U+00C4 (decimal 196)
   defining Unicode char U+00C5 (decimal 197)
   defining Unicode char U+00C6 (decimal 198)
   defining Unicode char U+00C7 (decimal 199)
   defining Unicode char U+00C8 (decimal 200)
   defining Unicode char U+00C9 (decimal 201)
   defining Unicode char U+00CA (decimal 202)
   defining Unicode char U+00CB (decimal 203)
   defining Unicode char U+00CC (decimal 204)
   defining Unicode char U+00CD (decimal 205)
   defining Unicode char U+00CE (decimal 206)
   defining Unicode char U+00CF (decimal 207)
   defining Unicode char U+00D0 (decimal 208)
   defining Unicode char U+00D1 (decimal 209)
   defining Unicode char U+00D2 (decimal 210)
   defining Unicode char U+00D3 (decimal 211)
   defining Unicode char U+00D4 (decimal 212)
   defining Unicode char U+00D5 (decimal 213)
   defining Unicode char U+00D6 (decimal 214)
   defining Unicode char U+00D8 (decimal 216)
   defining Unicode char U+00D9 (decimal 217)
   defining Unicode char U+00DA (decimal 218)
   defining Unicode char U+00DB (decimal 219)
   defining Unicode char U+00DC (decimal 220)
   defining Unicode char U+00DD (decimal 221)
   defining Unicode char U+00DE (decimal 222)
   defining Unicode char U+00DF (decimal 223)
   defining Unicode char U+00E0 (decimal 224)
   defining Unicode char U+00E1 (decimal 225)
   defining Unicode char U+00E2 (decimal 226)
   defining Unicode char U+00E3 (decimal 227)
   defining Unicode char U+00E4 (decimal 228)
   defining Unicode char U+00E5 (decimal 229)
   defining Unicode char U+00E6 (decimal 230)
   defining Unicode char U+00E7 (decimal 231)
   defining Unicode char U+00E8 (decimal 232)
   defining Unicode char U+00E9 (decimal 233)
   defining Unicode char U+00EA (decimal 234)
   defining Unicode char U+00EB (decimal 235)
   defining Unicode char U+00EC (decimal 236)
   defining Unicode char U+00ED (decimal 237)
   defining Unicode char U+00EE (decimal 238)
   defining Unicode char U+00EF (decimal 239)
   defining Unicode char U+00F0 (decimal 240)
   defining Unicode char U+00F1 (decimal 241)
   defining Unicode char U+00F2 (decimal 242)
   defining Unicode char U+00F3 (decimal 243)
   defining Unicode char U+00F4 (decimal 244)
   defining Unicode char U+00F5 (decimal 245)
   defining Unicode char U+00F6 (decimal 246)
   defining Unicode char U+00F8 (decimal 248)
   defining Unicode char U+00F9 (decimal 249)
   defining Unicode char U+00FA (decimal 250)
   defining Unicode char U+00FB (decimal 251)
   defining Unicode char U+00FC (decimal 252)
   defining Unicode char U+00FD (decimal 253)
   defining Unicode char U+00FE (decimal 254)
   defining Unicode char U+00FF (decimal 255)
   defining Unicode char U+0102 (decimal 258)
   defining Unicode char U+0103 (decimal 259)
   defining Unicode char U+0104 (decimal 260)
   defining Unicode char U+0105 (decimal 261)
   defining Unicode char U+0106 (decimal 262)
   defining Unicode char U+0107 (decimal 263)
   defining Unicode char U+010C (decimal 268)
   defining Unicode char U+010D (decimal 269)
   defining Unicode char U+010E (decimal 270)
   defining Unicode char U+010F (decimal 271)
   defining Unicode char U+0110 (decimal 272)
   defining Unicode char U+0111 (decimal 273)
   defining Unicode char U+0118 (decimal 280)
   defining Unicode char U+0119 (decimal 281)
   defining Unicode char U+011A (decimal 282)
   defining Unicode char U+011B (decimal 283)
   defining Unicode char U+011E (decimal 286)
   defining Unicode char U+011F (decimal 287)
   defining Unicode char U+0130 (decimal 304)
   defining Unicode char U+0131 (decimal 305)
   defining Unicode char U+0132 (decimal 306)
   defining Unicode char U+0133 (decimal 307)
   defining Unicode char U+0139 (decimal 313)
   defining Unicode char U+013A (decimal 314)
   defining Unicode char U+013D (decimal 317)
   defining Unicode char U+013E (decimal 318)
   defining Unicode char U+0141 (decimal 321)
   defining Unicode char U+0142 (decimal 322)
   defining Unicode char U+0143 (decimal 323)
   defining Unicode char U+0144 (decimal 324)
   defining Unicode char U+0147 (decimal 327)
   defining Unicode char U+0148 (decimal 328)
   defining Unicode char U+014A (decimal 330)
   defining Unicode char U+014B (decimal 331)
   defining Unicode char U+0150 (decimal 336)
   defining Unicode char U+0151 (decimal 337)
   defining Unicode char U+0152 (decimal 338)
   defining Unicode char U+0153 (decimal 339)
   defining Unicode char U+0154 (decimal 340)
   defining Unicode char U+0155 (decimal 341)
   defining Unicode char U+0158 (decimal 344)
   defining Unicode char U+0159 (decimal 345)
   defining Unicode char U+015A (decimal 346)
   defining Unicode char U+015B (decimal 347)
   defining Unicode char U+015E (decimal 350)
   defining Unicode char U+015F (decimal 351)
   defining Unicode char U+0160 (decimal 352)
   defining Unicode char U+0161 (decimal 353)
   defining Unicode char U+0162 (decimal 354)
   defining Unicode char U+0163 (decimal 355)
   defining Unicode char U+0164 (decimal 356)
   defining Unicode char U+0165 (decimal 357)
   defining Unicode char U+016E (decimal 366)
   defining Unicode char U+016F (decimal 367)
   defining Unicode char U+0170 (decimal 368)
   defining Unicode char U+0171 (decimal 369)
   defining Unicode char U+0178 (decimal 376)
   defining Unicode char U+0179 (decimal 377)
   defining Unicode char U+017A (decimal 378)
   defining Unicode char U+017B (decimal 379)
   defining Unicode char U+017C (decimal 380)
   defining Unicode char U+017D (decimal 381)
   defining Unicode char U+017E (decimal 382)
   defining Unicode char U+200C (decimal 8204)
   defining Unicode char U+2013 (decimal 8211)
   defining Unicode char U+2014 (decimal 8212)
   defining Unicode char U+2018 (decimal 8216)
   defining Unicode char U+2019 (decimal 8217)
   defining Unicode char U+201A (decimal 8218)
   defining Unicode char U+201C (decimal 8220)
   defining Unicode char U+201D (decimal 8221)
   defining Unicode char U+201E (decimal 8222)
   defining Unicode char U+2030 (decimal 8240)
   defining Unicode char U+2031 (decimal 8241)
   defining Unicode char U+2039 (decimal 8249)
   defining Unicode char U+203A (decimal 8250)
   defining Unicode char U+2423 (decimal 9251)
)
Now handling font encoding OT1 ...
... processing UTF-8 mapping file for font encoding OT1

("C:\Program Files (x86)\MiKTeX 2.9\tex\latex\base\ot1enc.dfu"
File: ot1enc.dfu 2008/04/05 v1.1m UTF-8 support for inputenc
   defining Unicode char U+00A1 (decimal 161)
   defining Unicode char U+00A3 (decimal 163)
   defining Unicode char U+00B8 (decimal 184)
   defining Unicode char U+00BF (decimal 191)
   defining Unicode char U+00C5 (decimal 197)
   defining Unicode char U+00C6 (decimal 198)
   defining Unicode char U+00D8 (decimal 216)
   defining Unicode char U+00DF (decimal 223)
   defining Unicode char U+00E6 (decimal 230)
   defining Unicode char U+00EC (decimal 236)
   defining Unicode char U+00ED (decimal 237)
   defining Unicode char U+00EE (decimal 238)
   defining Unicode char U+00EF (decimal 239)
   defining Unicode char U+00F8 (decimal 248)
   defining Unicode char U+0131 (decimal 305)
   defining Unicode char U+0141 (decimal 321)
   defining Unicode char U+0142 (decimal 322)
   defining Unicode char U+0152 (decimal 338)
   defining Unicode char U+0153 (decimal 339)
   defining Unicode char U+2013 (decimal 8211)
   defining Unicode char U+2014 (decimal 8212)
   defining Unicode char U+2018 (decimal 8216)
   defining Unicode char U+2019 (decimal 8217)
   defining Unicode char U+201C (decimal 8220)
   defining Unicode char U+201D (decimal 8221)
)
Now handling font encoding OMS ...
... processing UTF-8 mapping file for font encoding OMS

("C:\Program Files (x86)\MiKTeX 2.9\tex\latex\base\omsenc.dfu"
File: omsenc.dfu 2008/04/05 v1.1m UTF-8 support for inputenc
   defining Unicode char U+00A7 (decimal 167)
   defining Unicode char U+00B6 (decimal 182)
   defining Unicode char U+00B7 (decimal 183)
   defining Unicode char U+2020 (decimal 8224)
   defining Unicode char U+2021 (decimal 8225)
   defining Unicode char U+2022 (decimal 8226)
)
Now handling font encoding OMX ...
... no UTF-8 mapping file for font encoding OMX
Now handling font encoding U ...
... no UTF-8 mapping file for font encoding U
   defining Unicode char U+00A9 (decimal 169)
   defining Unicode char U+00AA (decimal 170)
   defining Unicode char U+00AE (decimal 174)
   defining Unicode char U+00BA (decimal 186)
   defining Unicode char U+02C6 (decimal 710)
   defining Unicode char U+02DC (decimal 732)
   defining Unicode char U+200C (decimal 8204)
   defining Unicode char U+2026 (decimal 8230)
   defining Unicode char U+2122 (decimal 8482)
   defining Unicode char U+2423 (decimal 9251)
))
("C:\Program Files (x86)\MiKTeX 2.9\tex\latex\float\float.sty"
Package: float 2001/11/08 v1.3d Float enhancements (AL)
\c@float@type=\count95
\float@exts=\toks19
\float@box=\box27
\@float@everytoks=\toks20
\@floatcapt=\box28
)
("C:\Program Files (x86)\MiKTeX 2.9\tex\latex\tools\enumerate.sty"
Package: enumerate 1999/03/05 v3.00 enumerate extensions (DPC)
\@enLab=\toks21
)
("C:\Program Files (x86)\MiKTeX 2.9\tex\latex\listings\listings.sty"
\lst@mode=\count96
\lst@gtempboxa=\box29
\lst@token=\toks22
\lst@length=\count97
\lst@currlwidth=\dimen123
\lst@column=\count98
\lst@pos=\count99
\lst@lostspace=\dimen124
\lst@width=\dimen125
\lst@newlines=\count100
\lst@lineno=\count101
\lst@maxwidth=\dimen126

("C:\Program Files (x86)\MiKTeX 2.9\tex\latex\listings\lstmisc.sty"
File: lstmisc.sty 2007/02/22 1.4 (Carsten Heinz)
\c@lstnumber=\count102
\lst@skipnumbers=\count103
\lst@framebox=\box30
)
("C:\Program Files (x86)\MiKTeX 2.9\tex\latex\listings\listings.cfg"
File: listings.cfg 2007/02/22 1.4 listings configuration
))
Package: listings 2007/02/22 1.4 (Carsten Heinz)

("C:\Program Files (x86)\MiKTeX 2.9\tex\latex\listings\lstlang1.sty"
File: lstlang1.sty 2004/09/05 1.3 listings language file
)
("C:\Program Files (x86)\MiKTeX 2.9\tex\latex\listings\lstlang2.sty"
File: lstlang2.sty 2004/09/05 1.3 listings language file
)
("C:\Program Files (x86)\MiKTeX 2.9\tex\latex\listings\lstlang3.sty"
File: lstlang3.sty 2004/09/05 1.3 listings language file
)

LaTeX Warning: Unused global option(s):
    [pdflatex,11pt].

(D:\magisterka\tekst\praca_magisterska.aux

LaTeX Warning: Label `eqn:wzor' multiply defined.


LaTeX Warning: Label `eqn:wzor' multiply defined.


LaTeX Warning: Label `eqn:wzor' multiply defined.


LaTeX Warning: Label `eqn:wzor' multiply defined.


LaTeX Warning: Label `eqn:wzor' multiply defined.

)
LaTeX Font Info:    Checking defaults for OML/cmm/m/it on input line 66.
LaTeX Font Info:    ... okay on input line 66.
LaTeX Font Info:    Checking defaults for T1/cmr/m/n on input line 66.
LaTeX Font Info:    ... okay on input line 66.
LaTeX Font Info:    Checking defaults for OT1/cmr/m/n on input line 66.
LaTeX Font Info:    ... okay on input line 66.
LaTeX Font Info:    Checking defaults for OMS/cmsy/m/n on input line 66.
LaTeX Font Info:    ... okay on input line 66.
LaTeX Font Info:    Checking defaults for OMX/cmex/m/n on input line 66.
LaTeX Font Info:    ... okay on input line 66.
LaTeX Font Info:    Checking defaults for U/cmr/m/n on input line 66.
LaTeX Font Info:    ... okay on input line 66.
LaTeX Font Info:    Try loading font information for T1+ptm on input line 66.
 ("C:\Program Files (x86)\MiKTeX 2.9\tex\latex\psnfss\t1ptm.fd"
File: t1ptm.fd 2001/06/04 font definitions for T1/ptm.
)
("C:\Program Files (x86)\MiKTeX 2.9\tex\context\base\supp-pdf.mkii"
[Loading MPS to PDF converter (version 2006.09.02).]
\scratchcounter=\count104
\scratchdimen=\dimen127
\scratchbox=\box31
\nofMPsegments=\count105
\nofMParguments=\count106
\everyMPshowfont=\toks23
\MPscratchCnt=\count107
\MPscratchDim=\dimen128
\MPnumerator=\count108
\makeMPintoPDFobject=\count109
\everyMPtoPDFconversion=\toks24
)
*geometry* driver: auto-detecting
*geometry* detected driver: pdftex
*geometry* verbose mode - [ preamble ] result:
* driver: pdftex
* paper: <default>
* layout: <same size as paper>
* layoutoffset:(h,v)=(0.0pt,0.0pt)
* modes: 
* h-part:(L,W,R)=(85.35826pt, 455.24411pt, 56.9055pt)
* v-part:(T,H,B)=(71.13188pt, 702.78308pt, 71.13188pt)
* \paperwidth=597.50787pt
* \paperheight=845.04684pt
* \textwidth=455.24411pt
* \textheight=702.78308pt
* \oddsidemargin=13.08827pt
* \evensidemargin=13.08827pt
* \topmargin=-54.59085pt
* \headheight=28.45274pt
* \headsep=25.0pt
* \topskip=11.0pt
* \footskip=28.45274pt
* \marginparwidth=50.0pt
* \marginparsep=10.0pt
* \columnsep=10.0pt
* \skip\footins=10.0pt plus 4.0pt minus 2.0pt
* \hoffset=0.0pt
* \voffset=0.0pt
* \mag=1000
* \@twocolumnfalse
* \@twosidefalse
* \@mparswitchfalse
* \@reversemarginfalse
* (1in=72.27pt=25.4mm, 1cm=28.453pt)

\c@lstlisting=\count110
LaTeX Font Info:    Try loading font information for T1+phv on input line 68.
("C:\Program Files (x86)\MiKTeX 2.9\tex\latex\psnfss\t1phv.fd"
File: t1phv.fd 2001/06/04 scalable font definitions for T1/phv.
)
LaTeX Font Info:    Font shape `T1/phv/bx/n' in size <14.4> not available
(Font)              Font shape `T1/phv/b/n' tried instead on input line 68.
LaTeX Font Info:    Font shape `T1/phv/bx/sc' in size <14.4> not available
(Font)              Font shape `T1/phv/b/sc' tried instead on input line 68.

<agh.jpg, id=1, 146.4672pt x 284.7438pt>
File: agh.jpg Graphic file (type jpg)
 <use agh.jpg>
Package pdftex.def Info: agh.jpg used on input line 68.
(pdftex.def)             Requested size: 43.94049pt x 85.4238pt.
LaTeX Font Info:    Font shape `T1/ptm/bx/n' in size <17.28> not available
(Font)              Font shape `T1/ptm/b/n' tried instead on input line 68.
LaTeX Font Info:    Font shape `T1/ptm/bx/sc' in size <17.28> not available
(Font)              Font shape `T1/ptm/b/sc' tried instead on input line 68.
LaTeX Font Info:    External font `cmex10' loaded for size
(Font)              <10.95> on input line 68.
LaTeX Font Info:    External font `cmex10' loaded for size
(Font)              <8> on input line 68.
LaTeX Font Info:    External font `cmex10' loaded for size
(Font)              <6> on input line 68.
 [1

{C:/ProgramData/MiKTeX/2.9/pdftex/config/pdftex.map} <D:/magisterka/tekst/agh.j
pg>]
LaTeX Font Info:    Font shape `T1/ptm/bx/sc' in size <12> not available
(Font)              Font shape `T1/ptm/b/sc' tried instead on input line 68.

Underfull \hbox (badness 10000) in paragraph at lines 68--68

 []

[1

]
File: agh.jpg Graphic file (type jpg)
 <use agh.jpg>
Package pdftex.def Info: agh.jpg used on input line 68.
(pdftex.def)             Requested size: 43.94049pt x 85.4238pt.
 [1

]
LaTeX Font Info:    Font shape `T1/ptm/bx/n' in size <10.95> not available
(Font)              Font shape `T1/ptm/b/n' tried instead on input line 70.
LaTeX Font Info:    Font shape `T1/ptm/bx/n' in size <14.4> not available
(Font)              Font shape `T1/ptm/b/n' tried instead on input line 70.
 (D:\magisterka\tekst\praca_magisterska.toc)
\tf@toc=\write3
 [5


]
Rozdzia\l  1.
[6


] [7]
Rozdzia\l  2.
[8

] [9] [10] [11] <candles.png, id=39, 619.56468pt x 430.60875pt>
File: candles.png Graphic file (type png)

<use candles.png>
Package pdftex.def Info: candles.png used on input line 189.
(pdftex.def)             Requested size: 426.79134pt x 296.62755pt.
 [12]
Underfull \vbox (badness 1024) has occurred while \output is active []

 [13 <D:/magisterka/tekst/candles.png>] [14] <ma.png, id=58, 621.07031pt x 432.
86719pt>
File: ma.png Graphic file (type png)

<use ma.png>
Package pdftex.def Info: ma.png used on input line 236.
(pdftex.def)             Requested size: 426.79134pt x 297.46335pt.
 [15 <D:/magisterka/tekst/ma.png>]
<bb.png, id=62, 624.83438pt x 432.86719pt>
File: bb.png Graphic file (type png)
 <use bb.png>
Package pdftex.def Info: bb.png used on input line 253.
(pdftex.def)             Requested size: 426.79134pt x 295.67339pt.

Underfull \vbox (badness 1953) has occurred while \output is active []

 [16]
[17 <D:/magisterka/tekst/bb.png>] [18]
<macd.png, id=73, 624.08156pt x 431.36156pt>
File: macd.png Graphic file (type png)
 <use macd.png>
Package pdftex.def Info: macd.png used on input line 279.
(pdftex.def)             Requested size: 426.79134pt x 295.0004pt.
 [19 <D:/magisterka/tekst/macd.png>] <reduction.png, id=77, 376.40625pt x 268.0
0125pt>
File: reduction.png Graphic file (type png)

<use reduction.png>
Package pdftex.def Info: reduction.png used on input line 296.
(pdftex.def)             Requested size: 284.52756pt x 202.59937pt.
 [20] <hammer.png, id=83, 373.395pt x 270.25969pt>
File: hammer.png Graphic file (type png)

<use hammer.png>
Package pdftex.def Info: hammer.png used on input line 305.
(pdftex.def)             Requested size: 284.52756pt x 205.94795pt.

Underfull \vbox (badness 1303) has occurred while \output is active []

 [21 <D:/magisterka/tekst/reduction.png>]
<invert_hammer.png, id=88, 373.395pt x 270.25969pt>
File: invert_hammer.png Graphic file (type png)
 <use invert_hammer.png>
Package pdftex.def Info: invert_hammer.png used on input line 320.
(pdftex.def)             Requested size: 284.52756pt x 205.94795pt.

Underfull \vbox (badness 4024) has occurred while \output is active []

 [22 <D:/magisterka/tekst/hammer.png>] <engulfing.png, id=93, 536.75531pt x 255
.20343pt>
File: engulfing.png Graphic file (type png)

<use engulfing.png>
Package pdftex.def Info: engulfing.png used on input line 333.
(pdftex.def)             Requested size: 284.52756pt x 135.28053pt.

Underfull \vbox (badness 2326) has occurred while \output is active []

 [23 <D:/magisterka/tekst/invert_hammer.png>]
<harami.png, id=98, 489.32813pt x 258.9675pt>
File: harami.png Graphic file (type png)
 <use harami.png>
Package pdftex.def Info: harami.png used on input line 346.
(pdftex.def)             Requested size: 284.52756pt x 150.58453pt.
 [24 <D:/magisterka/tekst/engulfing.png> <D:/magisterka/tekst/harami.png>]
<piercing.png, id=104, 503.63156pt x 255.95625pt>
File: piercing.png Graphic file (type png)
 <use piercing.png>
Package pdftex.def Info: piercing.png used on input line 359.
(pdftex.def)             Requested size: 284.52756pt x 144.60382pt.
 [25 <D:/magisterka/tekst/piercing.png>] <stars.png, id=109, 611.28375pt x 255.
20343pt>
File: stars.png Graphic file (type png)

<use stars.png>
Package pdftex.def Info: stars.png used on input line 374.
(pdftex.def)             Requested size: 341.43306pt x 142.543pt.

Underfull \vbox (badness 2529) has occurred while \output is active []

 [26 <D:/magisterka/tekst/stars.png>] <metatrader.png, id=115, 1027.84pt x 770.
88pt>
File: metatrader.png Graphic file (type png)

<use metatrader.png>
Package pdftex.def Info: metatrader.png used on input line 395.
(pdftex.def)             Requested size: 426.79134pt x 320.09744pt.
 [27] [28 <D:/magisterka/tekst/metatrader.png>] [29]
Rozdzia\l  3.

Underfull \vbox (badness 7981) has occurred while \output is active []

 [30

]
LaTeX Font Info:    Font shape `T1/ptm/bx/n' in size <12> not available
(Font)              Font shape `T1/ptm/b/n' tried instead on input line 449.

<usecase.PNG, id=128, 624.08156pt x 475.7775pt>
File: usecase.PNG Graphic file (type png)
 <use usecase.PNG>
Package pdftex.def Info: usecase.PNG used on input line 454.
(pdftex.def)             Requested size: 455.24408pt x 347.06784pt.
 [31 <D:/magisterka/tekst/usecase.PNG>] <ogolny.png, id=132, 671.50874pt x 743.
02594pt>
File: ogolny.png Graphic file (type png)

<use ogolny.png>
Package pdftex.def Info: ogolny.png used on input line 482.
(pdftex.def)             Requested size: 455.24408pt x 503.7317pt.

Underfull \vbox (badness 3590) has occurred while \output is active []

 [32 <D:/magisterka/tekst/ogolny.png>]
<warunki_otwarcia.png, id=138, 604.50844pt x 840.13875pt>
File: warunki_otwarcia.png Graphic file (type png)

<use warunki_otwarcia.png>
Package pdftex.def Info: warunki_otwarcia.png used on input line 492.
(pdftex.def)             Requested size: 455.24408pt x 632.69205pt.

Underfull \vbox (badness 10000) has occurred while \output is active []

 [33]
Underfull \vbox (badness 10000) has occurred while \output is active []

 [34 <D:/magisterka/tekst/warunki_otwarcia.png>]
<otwarcie.png, id=146, 320.69812pt x 392.96812pt>
File: otwarcie.png Graphic file (type png)
 <use otwarcie.png>
Package pdftex.def Info: otwarcie.png used on input line 530.
(pdftex.def)             Requested size: 341.43306pt x 418.38504pt.
 [35]
[36 <D:/magisterka/tekst/otwarcie.png>]
<sekwencji.png, id=154, 638.385pt x 887.56593pt>
File: sekwencji.png Graphic file (type png)
 <use sekwencji.png>
Package pdftex.def Info: sekwencji.png used on input line 544.
(pdftex.def)             Requested size: 455.24408pt x 632.93903pt.

Underfull \vbox (badness 10000) has occurred while \output is active []

 [37]
Overfull \vbox (8.51976pt too high) has occurred while \output is active []


[38 <D:/magisterka/tekst/sekwencji.png>] [39]
<trend.png, id=165, 356.0803pt x 488.57532pt>
File: trend.png Graphic file (type png)
 <use trend.png>
Package pdftex.def Info: trend.png used on input line 565.
(pdftex.def)             Requested size: 341.43306pt x 468.49767pt.


LaTeX Warning: `!h' float specifier changed to `!ht'.

[40] [41 <D:/magisterka/tekst/trend.png>] [42] [43]
Rozdzia\l  4.
[44

] [45] [46] <optymalizacja.png, id=188, 341.77687pt x 246.1697pt>
File: optymalizacja.png Graphic file (type png)

<use optymalizacja.png>
Package pdftex.def Info: optymalizacja.png used on input line 701.
(pdftex.def)             Requested size: 341.43306pt x 245.93994pt.


LaTeX Warning: `!h' float specifier changed to `!ht'.

[47] <optymalizacja_zla.png, id=192, 800.9925pt x 232.61906pt>
File: optymalizacja_zla.png Graphic file (type png)

<use optymalizacja_zla.png>
Package pdftex.def Info: optymalizacja_zla.png used on input line 713.
(pdftex.def)             Requested size: 341.43306pt x 99.15816pt.

<optymalizacja_dobra.png, id=193, 806.26219pt x 230.36063pt>
File: optymalizacja_dobra.png Graphic file (type png)

<use optymalizacja_dobra.png>
Package pdftex.def Info: optymalizacja_dobra.png used on input line 720.
(pdftex.def)             Requested size: 341.43306pt x 97.55222pt.


LaTeX Warning: `!h' float specifier changed to `!ht'.

[48 <D:/magisterka/tekst/optymalizacja.png> <D:/magisterka/tekst/optymalizacja_
zla.png>] <hammer/optymalizacja.png, id=198, 619.56468pt x 642.90187pt>
File: hammer/optymalizacja.png Graphic file (type png)

<use hammer/optymalizacja.png>
Package pdftex.def Info: hammer/optymalizacja.png used on input line 737.
(pdftex.def)             Requested size: 398.33858pt x 413.3393pt.


LaTeX Warning: `!h' float specifier changed to `!ht'.


LaTeX Warning: `!h' float specifier changed to `!ht'.

<hammer/przyklad.png, id=199, 544.28343pt x 353.82187pt>
File: hammer/przyklad.png Graphic file (type png)

<use hammer/przyklad.png>
Package pdftex.def Info: hammer/przyklad.png used on input line 765.
(pdftex.def)             Requested size: 398.33858pt x 258.94647pt.
 [49 <D:/magisterka/tekst/optymalizacja_dobra.png>]
Underfull \vbox (badness 6575) has occurred while \output is active []

 [50 <D:/magisterka/tekst/hammer/optymalizacja.png>]
<shootingstar/optymalizacja.png, id=208, 621.82312pt x 457.71pt>
File: shootingstar/optymalizacja.png Graphic file (type png)

<use shootingstar/optymalizacja.png>
Package pdftex.def Info: shootingstar/optymalizacja.png used on input line 805.

(pdftex.def)             Requested size: 398.33858pt x 293.20578pt.

Underfull \vbox (badness 10000) has occurred while \output is active []

 [51 <D:/magisterka/tekst/hammer/przyklad.png>]
<shootingstar/przyklad.png, id=212, 622.57594pt x 368.87813pt>
File: shootingstar/przyklad.png Graphic file (type png)

<use shootingstar/przyklad.png>
Package pdftex.def Info: shootingstar/przyklad.png used on input line 832.
(pdftex.def)             Requested size: 398.33858pt x 236.01927pt.

Underfull \vbox (badness 1552) has occurred while \output is active []

 [52 <D:/magisterka/tekst/shootingstar/optymalizacja.png>]
<bullishengulfing/przyklad.png, id=216, 779.16093pt x 332.74312pt>
File: bullishengulfing/przyklad.png Graphic file (type png)

<use bullishengulfing/przyklad.png>
Package pdftex.def Info: bullishengulfing/przyklad.png used on input line 904.
(pdftex.def)             Requested size: 398.33858pt x 170.10799pt.

<bearishengulfing/przyklad.png, id=217, 131.74219pt x 314.67563pt>
File: bearishengulfing/przyklad.png Graphic file (type png)

<use bearishengulfing/przyklad.png>
Package pdftex.def Info: bearishengulfing/przyklad.png used on input line 911.
(pdftex.def)             Requested size: 113.81102pt x 271.85936pt.
 [53 <D:/magisterka/tekst/shootingstar/przyklad.png>]

LaTeX Warning: `!h' float specifier changed to `!ht'.

[54 <D:/magisterka/tekst/bullishengulfing/przyklad.png>]

LaTeX Warning: `!h' float specifier changed to `!ht'.

<bullishharami/przyklad.png, id=224, 579.66562pt x 371.88937pt>
File: bullishharami/przyklad.png Graphic file (type png)

<use bullishharami/przyklad.png>
Package pdftex.def Info: bullishharami/przyklad.png used on input line 955.
(pdftex.def)             Requested size: 398.33858pt x 255.55981pt.

<bearishharami/linia_kap.png, id=225, 617.30624pt x 150.5625pt>
File: bearishharami/linia_kap.png Graphic file (type png)

<use bearishharami/linia_kap.png>
Package pdftex.def Info: bearishharami/linia_kap.png used on input line 993.
(pdftex.def)             Requested size: 455.24408pt x 111.03772pt.


LaTeX Warning: `!h' float specifier changed to `!ht'.


Underfull \vbox (badness 2653) has occurred while \output is active []

 [55 <D:/magisterka/tekst/bearishengulfing/przyklad.png>]

LaTeX Warning: `!h' float specifier changed to `!ht'.


LaTeX Warning: `!h' float specifier changed to `!ht'.

<bearishharami/przyklad.png, id=229, 297.36093pt x 225.09094pt>
File: bearishharami/przyklad.png Graphic file (type png)

<use bearishharami/przyklad.png>
Package pdftex.def Info: bearishharami/przyklad.png used on input line 1002.
(pdftex.def)             Requested size: 284.52756pt x 215.3876pt.
 [56 <D:/magisterka/tekst/bullishharami/przyklad.png>] [57 <D:/magisterka/tekst
/bearishharami/linia_kap.png> <D:/magisterka/tekst/bearishharami/przyklad.png>]

<darkcloudcover/przyklad.png, id=239, 277.035pt x 380.92313pt>
File: darkcloudcover/przyklad.png Graphic file (type png)

<use darkcloudcover/przyklad.png>
Package pdftex.def Info: darkcloudcover/przyklad.png used on input line 1044.
(pdftex.def)             Requested size: 170.71652pt x 234.73422pt.


LaTeX Warning: `!h' float specifier changed to `!ht'.

[58] <wszystkie/linia_kap.png, id=243, 1419.80438pt x 552.56438pt>
File: wszystkie/linia_kap.png Graphic file (type png)

<use wszystkie/linia_kap.png>
Package pdftex.def Info: wszystkie/linia_kap.png used on input line 1068.
(pdftex.def)             Requested size: 455.24408pt x 177.16989pt.

<wszystkie/linia_kap_max.png, id=244, 1417.54594pt x 436.63126pt>
File: wszystkie/linia_kap_max.png Graphic file (type png)

<use wszystkie/linia_kap_max.png>
Package pdftex.def Info: wszystkie/linia_kap_max.png used on input line 1106.
(pdftex.def)             Requested size: 455.24408pt x 140.22453pt.


LaTeX Warning: `!h' float specifier changed to `!ht'.

[59 <D:/magisterka/tekst/darkcloudcover/przyklad.png>] [60 <D:/magisterka/tekst
/wszystkie/linia_kap.png>] [61 <D:/magisterka/tekst/wszystkie/linia_kap_max.png
>]
Rozdzia\l  5.
[62

] (D:\magisterka\tekst\praca_magisterska.bbl [63]
LaTeX Font Info:    Try loading font information for T1+pcr on input line 17.

("C:\Program Files (x86)\MiKTeX 2.9\tex\latex\psnfss\t1pcr.fd"
File: t1pcr.fd 2001/06/04 font definitions for T1/pcr.
)) [64

]
(D:\magisterka\tekst\praca_magisterska.aux)

LaTeX Warning: There were multiply-defined labels.

 ) 
Here is how much of TeX's memory you used:
 5192 strings out of 494045
 70255 string characters out of 3145963
 163340 words of memory out of 3000000
 8340 multiletter control sequences out of 15000+200000
 88228 words of font info for 71 fonts, out of 3000000 for 9000
 715 hyphenation exceptions out of 8191
 34i,12n,45p,2602b,341s stack positions out of 5000i,500n,10000p,200000b,50000s
{C:/Program Files (x86)/MiKTeX 2.9/fonts/enc/dvips/fontname/8r.enc}<C:/Progra
m Files (x86)/MiKTeX 2.9/fonts/type1/public/amsfonts/cm/cmex10.pfb><C:/Program 
Files (x86)/MiKTeX 2.9/fonts/type1/public/amsfonts/cm/cmmi10.pfb><C:/Program Fi
les (x86)/MiKTeX 2.9/fonts/type1/public/amsfonts/cm/cmmi8.pfb><C:/Program Files
 (x86)/MiKTeX 2.9/fonts/type1/public/amsfonts/cm/cmr10.pfb><C:/Program Files (x
86)/MiKTeX 2.9/fonts/type1/public/amsfonts/cm/cmr6.pfb><C:/Program Files (x86)/
MiKTeX 2.9/fonts/type1/public/amsfonts/cm/cmr8.pfb><C:/Program Files (x86)/MiKT
eX 2.9/fonts/type1/public/amsfonts/cm/cmsy10.pfb><C:/Program Files (x86)/MiKTeX
 2.9/fonts/type1/public/amsfonts/cm/cmsy8.pfb><C:/Program Files (x86)/MiKTeX 2.
9/fonts/type1/urw/courier/ucrr8a.pfb><C:/Program Files (x86)/MiKTeX 2.9/fonts/t
ype1/urw/helvetic/uhvb8a.pfb><C:/Program Files (x86)/MiKTeX 2.9/fonts/type1/urw
/helvetic/uhvr8a.pfb><C:/Program Files (x86)/MiKTeX 2.9/fonts/type1/urw/times/u
tmb8a.pfb><C:/Program Files (x86)/MiKTeX 2.9/fonts/type1/urw/times/utmr8a.pfb><
C:/Program Files (x86)/MiKTeX 2.9/fonts/type1/urw/times/utmr8a.pfb><C:/Program 
Files (x86)/MiKTeX 2.9/fonts/type1/urw/times/utmri8a.pfb>
Output written on praca_magisterska.pdf (63 pages, 1145716 bytes).
PDF statistics:
 315 PDF objects out of 1000 (max. 8388607)
 0 named destinations out of 1000 (max. 500000)
 171 words of extra memory for PDF output out of 10000 (max. 10000000)

